<?xml version="1.0" encoding="UTF-8"?>
<!-- Generated by org.testng.reporters.JUnitReportReporter -->
<testsuite hostname="DESKTOP-C7VM6JP" failures="0" tests="1" name="Test_Package.Add_lunch_dinner_Product_testclass" time="19.709" errors="0" timestamp="2023-12-06T19:50:19 IST" skipped="0">
  <testcase classname="Test_Package.Add_lunch_dinner_Product_testclass" name="verify_Catergory_list" time="19.709"/>
</testsuite> <!-- Test_Package.Add_lunch_dinner_Product_testclass -->
