<?xml version="1.0" encoding="UTF-8"?>
<!-- Generated by org.testng.reporters.JUnitReportReporter -->
<testsuite hostname="DESKTOP-C7VM6JP" failures="0" tests="1" name="Test_Package.VerifyPlaceOrderFromCheckoutPage" time="97.754" errors="0" timestamp="2023-12-06T20:56:10 IST" skipped="0">
  <testcase classname="Test_Package.VerifyPlaceOrderFromCheckoutPage" name="PlaceOrderFromCheckoutToThankyouPage" time="97.754"/>
</testsuite> <!-- Test_Package.VerifyPlaceOrderFromCheckoutPage -->
