<?xml version="1.0" encoding="UTF-8"?>
<!-- Generated by org.testng.reporters.JUnitReportReporter -->
<testsuite hostname="DESKTOP-C7VM6JP" failures="0" tests="12" name="PerorderPickup_Testclass.VerifyPlacePreorderProduct_CreateSnapPassOrderTestclass" time="121.669" errors="0" timestamp="2023-12-06T17:55:22 IST" skipped="0">
  <testcase classname="PerorderPickup_Testclass.VerifyPlacePreorderProduct_CreateSnapPassOrderTestclass" name="closeSession" time="0.578"/>
  <testcase classname="PerorderPickup_Testclass.VerifyPlacePreorderProduct_CreateSnapPassOrderTestclass" name="Start_appium" time="15.744"/>
  <testcase classname="PerorderPickup_Testclass.VerifyPlacePreorderProduct_CreateSnapPassOrderTestclass" name="LoginUser" time="16.966"/>
  <testcase classname="PerorderPickup_Testclass.VerifyPlacePreorderProduct_CreateSnapPassOrderTestclass" name="verify_Catergory_list" time="22.177"/>
  <testcase classname="PerorderPickup_Testclass.VerifyPlacePreorderProduct_CreateSnapPassOrderTestclass" name="VerifySchdeuleYourPopup" time="12.608"/>
  <testcase classname="PerorderPickup_Testclass.VerifyPlacePreorderProduct_CreateSnapPassOrderTestclass" name="VerifyCheckoutInformationPage" time="3.396"/>
  <testcase classname="PerorderPickup_Testclass.VerifyPlacePreorderProduct_CreateSnapPassOrderTestclass" name="SelectPickupDate_PickupTime" time="14.470"/>
  <testcase classname="PerorderPickup_Testclass.VerifyPlacePreorderProduct_CreateSnapPassOrderTestclass" name="SelectPickupFreqency_And_EnterSnapPassName" time="8.327"/>
  <testcase classname="PerorderPickup_Testclass.VerifyPlacePreorderProduct_CreateSnapPassOrderTestclass" name="Verify_And_Selecting_LoyaltyPoints_From_Disccount_Frame" time="2.820"/>
  <testcase classname="PerorderPickup_Testclass.VerifyPlacePreorderProduct_CreateSnapPassOrderTestclass" name="VerifyPaymentMethodFrame_And_Select_PaymentMethod" time="10.423"/>
  <testcase classname="PerorderPickup_Testclass.VerifyPlacePreorderProduct_CreateSnapPassOrderTestclass" name="CheckThePageInfo_And_check_TermsConditons" time="2.846"/>
  <testcase classname="PerorderPickup_Testclass.VerifyPlacePreorderProduct_CreateSnapPassOrderTestclass" name="ConfrimTheOrder_and_ThankyouPage" time="11.314"/>
</testsuite> <!-- PerorderPickup_Testclass.VerifyPlacePreorderProduct_CreateSnapPassOrderTestclass -->
