<?xml version="1.0" encoding="UTF-8"?>
<!-- Generated by org.testng.reporters.JUnitReportReporter -->
<testsuite hostname="DESKTOP-C7VM6JP" failures="0" tests="1" name="Test_Package.Zipcode_Popup_TestClass" time="20.694" errors="0" timestamp="2023-12-06T19:50:19 IST" skipped="0">
  <testcase classname="Test_Package.Zipcode_Popup_TestClass" name="select_fulfillment" time="20.694"/>
</testsuite> <!-- Test_Package.Zipcode_Popup_TestClass -->
