<?xml version="1.0" encoding="UTF-8"?>
<!-- Generated by org.testng.reporters.JUnitReportReporter -->
<testsuite hostname="DESKTOP-C7VM6JP" failures="0" tests="1" name="SnapPass_UserTestPackage.SnapProductListingPage" time="27.455" errors="0" timestamp="2023-12-05T13:38:49 IST" skipped="0">
  <testcase classname="SnapPass_UserTestPackage.SnapProductListingPage" name="verify_Catergory_list" time="27.455"/>
</testsuite> <!-- SnapPass_UserTestPackage.SnapProductListingPage -->
