<?xml version="1.0" encoding="UTF-8"?>
<!-- Generated by org.testng.reporters.JUnitReportReporter -->
<testsuite hostname="DESKTOP-C7VM6JP" failures="0" tests="1" name="PerorderPickup_Testclass.ProrderProduct_PlacedByUser_Testclass" time="104.693" errors="0" timestamp="2023-12-06T17:58:12 IST" skipped="0">
  <testcase classname="PerorderPickup_Testclass.ProrderProduct_PlacedByUser_Testclass" name="PlaceOrderFromCheckoutToThankyouPage" time="104.693"/>
</testsuite> <!-- PerorderPickup_Testclass.ProrderProduct_PlacedByUser_Testclass -->
