<?xml version="1.0" encoding="UTF-8"?>
<!-- Generated by org.testng.reporters.JUnitReportReporter -->
<testsuite hostname="DESKTOP-C7VM6JP" failures="0" tests="1" name="Test_Package.VerifyCheckoutInfomationPage_Testclass" time="90.687" errors="0" timestamp="2023-12-06T20:49:04 IST" skipped="0">
  <testcase classname="Test_Package.VerifyCheckoutInfomationPage_Testclass" name="VerifyCheckoutInfoPage" time="90.687"/>
</testsuite> <!-- Test_Package.VerifyCheckoutInfomationPage_Testclass -->
