<?xml version="1.0" encoding="UTF-8"?>
<!-- Generated by org.testng.reporters.JUnitReportReporter -->
<testsuite hostname="DESKTOP-C7VM6JP" failures="0" tests="1" name="PerorderPickup_Testclass.PikupFlow_ChekoutInfo_page1_Testclass" time="88.540" errors="0" timestamp="2023-12-06T17:55:22 IST" skipped="0">
  <testcase classname="PerorderPickup_Testclass.PikupFlow_ChekoutInfo_page1_Testclass" name="VerifyCheckoutInfoPage" time="88.540"/>
</testsuite> <!-- PerorderPickup_Testclass.PikupFlow_ChekoutInfo_page1_Testclass -->
