<?xml version="1.0" encoding="UTF-8"?>
<!-- Generated by org.testng.reporters.JUnitReportReporter -->
<testsuite hostname="DESKTOP-C7VM6JP" failures="0" tests="1" name="PerorderPickup_Testclass.Add_PreorderProductInto_CartPage" time="39.242" errors="0" timestamp="2023-12-05T16:53:50 IST" skipped="0">
  <testcase classname="PerorderPickup_Testclass.Add_PreorderProductInto_CartPage" name="add_product_cart" time="39.242"/>
</testsuite> <!-- PerorderPickup_Testclass.Add_PreorderProductInto_CartPage -->
