<?xml version="1.0" encoding="UTF-8"?>
<!-- Generated by org.testng.reporters.JUnitReportReporter -->
<testsuite hostname="DESKTOP-C7VM6JP" failures="0" tests="1" name="PerorderPickup_Testclass.Verify_ScheduleOrderPoup_TestClass" time="46.388" errors="0" timestamp="2023-12-05T16:53:50 IST" skipped="0">
  <testcase classname="PerorderPickup_Testclass.Verify_ScheduleOrderPoup_TestClass" name="verify_ScheduleYourOrderPopup" time="46.388"/>
</testsuite> <!-- PerorderPickup_Testclass.Verify_ScheduleOrderPoup_TestClass -->
