<?xml version="1.0" encoding="UTF-8"?>
<!-- Generated by org.testng.reporters.JUnitReportReporter -->
<testsuite hostname="DESKTOP-C7VM6JP" failures="0" tests="1" name="PerorderPickup_Testclass.PikupFlow_ChekoutInfo_page2_Testclass" time="75.116" errors="0" timestamp="2023-12-06T17:55:22 IST" skipped="0">
  <testcase classname="PerorderPickup_Testclass.PikupFlow_ChekoutInfo_page2_Testclass" name="verifyCheckoutPage2" time="75.116"/>
</testsuite> <!-- PerorderPickup_Testclass.PikupFlow_ChekoutInfo_page2_Testclass -->
