<?xml version="1.0" encoding="UTF-8"?>
<!-- Generated by org.testng.reporters.JUnitReportReporter -->
<testsuite hostname="DESKTOP-C7VM6JP" failures="0" tests="1" name="Test_Package.ResisterUser_EnterZipcode_TestClass" time="26.976" errors="0" timestamp="2023-11-27T17:49:20 IST" skipped="0">
  <testcase classname="Test_Package.ResisterUser_EnterZipcode_TestClass" name="EnterZipcode" time="26.976"/>
</testsuite> <!-- Test_Package.ResisterUser_EnterZipcode_TestClass -->
