<?xml version="1.0" encoding="UTF-8"?>
<!-- Generated by org.testng.reporters.JUnitReportReporter -->
<testsuite hostname="DESKTOP-C7VM6JP" failures="0" tests="1" name="Test_Package.Add_Product_into_cart_Page_testclass" time="35.728" errors="0" timestamp="2023-12-06T19:50:19 IST" skipped="0">
  <testcase classname="Test_Package.Add_Product_into_cart_Page_testclass" name="add_product_cart" time="35.728"/>
</testsuite> <!-- Test_Package.Add_Product_into_cart_Page_testclass -->
