<?xml version="1.0" encoding="UTF-8"?>
<!-- Generated by org.testng.reporters.JUnitReportReporter -->
<testsuite hostname="DESKTOP-C7VM6JP" failures="0" tests="1" name="Pom_package.Snap_Kitchen.Demo1" time="21.753" errors="0" timestamp="2023-11-10T13:26:45 IST" skipped="0">
  <testcase classname="Pom_package.Snap_Kitchen.Demo1" name="desiredcap_set" time="21.753"/>
</testsuite> <!-- Pom_package.Snap_Kitchen.Demo1 -->
