<?xml version="1.0" encoding="UTF-8"?>
<!-- Generated by org.testng.reporters.JUnitReportReporter -->
<testsuite hostname="DESKTOP-C7VM6JP" failures="0" tests="1" name="SnapPass_UserTestPackage.SnapUserLogin_TestClass" time="15.426" errors="0" timestamp="2023-12-05T13:38:49 IST" skipped="0">
  <testcase classname="SnapPass_UserTestPackage.SnapUserLogin_TestClass" name="login_snap_ktichen" time="15.426"/>
</testsuite> <!-- SnapPass_UserTestPackage.SnapUserLogin_TestClass -->
