<?xml version="1.0" encoding="UTF-8"?>
<!-- Generated by org.testng.reporters.JUnitReportReporter -->
<testsuite hostname="DESKTOP-C7VM6JP" failures="0" tests="1" name="Test_Package.RegisterUserAddProductToCartPage_Testclass" time="39.327" errors="0" timestamp="2023-11-27T20:31:12 IST" skipped="0">
  <testcase classname="Test_Package.RegisterUserAddProductToCartPage_Testclass" name="add_product_cart" time="39.327"/>
</testsuite> <!-- Test_Package.RegisterUserAddProductToCartPage_Testclass -->
