<?xml version="1.0" encoding="UTF-8"?>
<!-- Generated by org.testng.reporters.JUnitReportReporter -->
<testsuite hostname="DESKTOP-C7VM6JP" failures="0" tests="1" name="Test_Package.Add_to_Cart_Button_testclass" time="29.235" errors="0" timestamp="2023-12-06T19:50:19 IST" skipped="0">
  <testcase classname="Test_Package.Add_to_Cart_Button_testclass" name="product_details" time="29.235"/>
</testsuite> <!-- Test_Package.Add_to_Cart_Button_testclass -->
