<?xml version="1.0" encoding="UTF-8"?>
<!-- Generated by org.testng.reporters.JUnitReportReporter -->
<testsuite hostname="DESKTOP-C7VM6JP" failures="0" tests="1" name="SnapPass_UserTestPackage.SnapPassUser_CheckoutInfoPage_1" time="88.749" errors="0" timestamp="2023-12-05T13:38:49 IST" skipped="0">
  <testcase classname="SnapPass_UserTestPackage.SnapPassUser_CheckoutInfoPage_1" name="VerifyCheckoutInfoPage" time="88.749"/>
</testsuite> <!-- SnapPass_UserTestPackage.SnapPassUser_CheckoutInfoPage_1 -->
