<?xml version="1.0" encoding="UTF-8"?>
<!-- Generated by org.testng.reporters.JUnitReportReporter -->
<testsuite hostname="DESKTOP-C7VM6JP" failures="0" tests="1" name="PerorderPickup_Testclass.Pickup_Zipcode_User_Login" time="22.053" errors="0" timestamp="2023-12-05T16:53:50 IST" skipped="0">
  <testcase classname="PerorderPickup_Testclass.Pickup_Zipcode_User_Login" name="EnterZipcode" time="22.053"/>
</testsuite> <!-- PerorderPickup_Testclass.Pickup_Zipcode_User_Login -->
