<?xml version="1.0" encoding="UTF-8"?>
<!-- Generated by org.testng.reporters.JUnitReportReporter -->
<testsuite hostname="DESKTOP-C7VM6JP" failures="0" tests="1" name="Test_Package.Categories_name_testclass" time="18.794" errors="0" timestamp="2023-12-06T19:50:19 IST" skipped="0">
  <testcase classname="Test_Package.Categories_name_testclass" name="verify_Catergory_list" time="18.794"/>
</testsuite> <!-- Test_Package.Categories_name_testclass -->
