<?xml version="1.0" encoding="UTF-8"?>
<!-- Generated by org.testng.reporters.JUnitReportReporter -->
<testsuite hostname="DESKTOP-C7VM6JP" failures="0" tests="1" name="Test_Package.VerifyCheckoutInfromationPage2_TestClass" time="61.572" errors="0" timestamp="2023-12-06T20:53:28 IST" skipped="0">
  <testcase classname="Test_Package.VerifyCheckoutInfromationPage2_TestClass" name="verifyCheckoutPage2" time="61.572"/>
</testsuite> <!-- Test_Package.VerifyCheckoutInfromationPage2_TestClass -->
